<!DOCTYPE html PUBLIC "-//W3C//DTD XHTML 1.1//EN" "https://www.w3.org/TR/xhtml11/DTD/xhtml11.dtd">
<html xmlns="https://www.w3.org/1999/xhtml">
<head>
<meta http-equiv="content-type" content="text/html; charset=UTF-8"/>
<title>TestNG Report</title>
<style type="text/css">table {margin-bottom:10px;border-collapse:collapse;empty-cells:show}th,td {border:1px solid #009;padding:.25em .5em}th {vertical-align:bottom}td {vertical-align:top}table a {font-weight:bold}.stripe td {background-color: #E6EBF9}.num {text-align:right}.passedodd td {background-color: #3F3}.passedeven td {background-color: #0A0}.skippedodd td {background-color: #DDD}.skippedeven td {background-color: #CCC}.failedodd td,.attn {background-color: #F33}.failedeven td,.stripe .attn {background-color: #D00}.stacktrace {white-space:pre;font-family:monospace}.totop {font-size:85%;text-align:center;border-bottom:2px solid #000}.invisible {display:none}</style>
</head>
<body>
<table>
<tr><th>Test</th><th># Passed</th><th># Skipped</th><th># Retried</th><th># Failed</th><th>Time (ms)</th><th>Included Groups</th><th>Excluded Groups</th></tr>
<tr><th colspan="8">Smoke</th></tr>
<tr><td><a href="#t0">Price Check</a></td><td class="num">0</td><td class="num attn">1</td><td class="num">0</td><td class="num">0</td><td class="num">25Â 384</td><td></td><td></td></tr>
</table>
<table id='summary'><thead><tr><th>Class</th><th>Method</th><th>Start</th><th>Time (ms)</th></tr></thead><tbody><tr><th colspan="4">Smoke</th></tr></tbody><tbody id="t0"><tr><th colspan="4">Price Check &#8212; failed (configuration methods)</th></tr><tr class="failedeven"><td rowspan="1">test.PriceCheckTest</td><td><a href="#m0">setUp</a></td><td rowspan="1">1657803246271</td><td rowspan="1">24542</td></tr><tr><th colspan="4">Price Check &#8212; skipped</th></tr><tr class="skippedeven"><td rowspan="1">test.PriceCheckTest</td><td><a href="#m1">someTest</a></td><td rowspan="1">1657803270874</td><td rowspan="1">0</td></tr></tbody>
</table>
<h2>Price Check</h2><h3 id="m0">test.PriceCheckTest#setUp</h3><table class="result"><tr><th>Exception</th></tr><tr><td><div class="stacktrace">org.openqa.selenium.ElementClickInterceptedException: element click intercepted: Element &lt;div class=&quot;md-text ng-binding&quot;&gt;...&lt;/div&gt; is not clickable at point (66, 7). Other element would receive the click: &lt;md-backdrop class=&quot;md-select-backdrop md-click-catcher ng-scope&quot; style=&quot;position: fixed;&quot;&gt;&lt;/md-backdrop&gt;
  (Session info: chrome=103.0.5060.114)
Build info: version: &apos;4.3.0&apos;, revision: &apos;a4995e2c09*&apos;
System info: host: &apos;DESKTOP-52H7AGP&apos;, ip: &apos;192.168.10.120&apos;, os.name: &apos;Windows 10&apos;, os.arch: &apos;amd64&apos;, os.version: &apos;10.0&apos;, java.version: &apos;16&apos;
Driver info: org.openqa.selenium.chrome.ChromeDriver
Command: [9532e245c25ea765a0ed5c41d2ed8bec, clickElement {id=1b2485af-4985-4299-85dc-0a0e61205ed6}]
Capabilities {acceptInsecureCerts: false, browserName: chrome, browserVersion: 103.0.5060.114, chrome: {chromedriverVersion: 103.0.5060.53 (a1711811edd7..., userDataDir: C:\Users\Kristina\AppData\L...}, goog:chromeOptions: {debuggerAddress: localhost:60140}, networkConnectionEnabled: false, pageLoadStrategy: normal, platformName: WINDOWS, proxy: Proxy(), se:cdp: ws://localhost:60140/devtoo..., se:cdpVersion: 103.0.5060.114, setWindowRect: true, strictFileInteractability: false, timeouts: {implicit: 0, pageLoad: 300000, script: 30000}, unhandledPromptBehavior: dismiss and notify, webauthn:extension:credBlob: true, webauthn:extension:largeBlob: true, webauthn:virtualAuthenticators: true}
Element: [[ChromeDriver: chrome on WINDOWS (9532e245c25ea765a0ed5c41d2ed8bec)] -&gt; xpath: //*[@id=&quot;select_option_221&quot;]/div[contains(text(),&apos;Frankfurt&apos;)]]
Session ID: 9532e245c25ea765a0ed5c41d2ed8bec
	at org.openqa.selenium.remote.codec.w3c.W3CHttpResponseCodec.createException(W3CHttpResponseCodec.java:200)
	at org.openqa.selenium.remote.codec.w3c.W3CHttpResponseCodec.decode(W3CHttpResponseCodec.java:133)
	at org.openqa.selenium.remote.codec.w3c.W3CHttpResponseCodec.decode(W3CHttpResponseCodec.java:53)
	at org.openqa.selenium.remote.HttpCommandExecutor.execute(HttpCommandExecutor.java:184)
	at org.openqa.selenium.remote.service.DriverCommandExecutor.invokeExecute(DriverCommandExecutor.java:167)
	at org.openqa.selenium.remote.service.DriverCommandExecutor.execute(DriverCommandExecutor.java:142)
	at org.openqa.selenium.remote.RemoteWebDriver.execute(RemoteWebDriver.java:569)
	at org.openqa.selenium.remote.RemoteWebElement.execute(RemoteWebElement.java:257)
	at org.openqa.selenium.remote.RemoteWebElement.click(RemoteWebElement.java:78)
	at org.openqa.selenium.support.pagefactory.internal.LocatingElementHandler.invoke(LocatingElementHandler.java:52)
	at jdk.proxy2/jdk.proxy2.$Proxy28.click(Unknown Source)
	at page.GoogleCloudPricingCalculator.formFilling(GoogleCloudPricingCalculator.java:136)
	at steps.CommonSteps.formFilling(CommonSteps.java:29)
	at test.CommonConditions.setUp(CommonConditions.java:26)
... Removed 36 stack frames</div></td></tr></table><p class="totop"><a href="#summary">back to summary</a></p>
<h3 id="m1">test.PriceCheckTest#someTest</h3><table class="result"><tr><th>Exception</th></tr><tr><td><div class="stacktrace">org.openqa.selenium.ElementClickInterceptedException: element click intercepted: Element &lt;div class=&quot;md-text ng-binding&quot;&gt;...&lt;/div&gt; is not clickable at point (66, 7). Other element would receive the click: &lt;md-backdrop class=&quot;md-select-backdrop md-click-catcher ng-scope&quot; style=&quot;position: fixed;&quot;&gt;&lt;/md-backdrop&gt;
  (Session info: chrome=103.0.5060.114)
Build info: version: &apos;4.3.0&apos;, revision: &apos;a4995e2c09*&apos;
System info: host: &apos;DESKTOP-52H7AGP&apos;, ip: &apos;192.168.10.120&apos;, os.name: &apos;Windows 10&apos;, os.arch: &apos;amd64&apos;, os.version: &apos;10.0&apos;, java.version: &apos;16&apos;
Driver info: org.openqa.selenium.chrome.ChromeDriver
Command: [9532e245c25ea765a0ed5c41d2ed8bec, clickElement {id=1b2485af-4985-4299-85dc-0a0e61205ed6}]
Capabilities {acceptInsecureCerts: false, browserName: chrome, browserVersion: 103.0.5060.114, chrome: {chromedriverVersion: 103.0.5060.53 (a1711811edd7..., userDataDir: C:\Users\Kristina\AppData\L...}, goog:chromeOptions: {debuggerAddress: localhost:60140}, networkConnectionEnabled: false, pageLoadStrategy: normal, platformName: WINDOWS, proxy: Proxy(), se:cdp: ws://localhost:60140/devtoo..., se:cdpVersion: 103.0.5060.114, setWindowRect: true, strictFileInteractability: false, timeouts: {implicit: 0, pageLoad: 300000, script: 30000}, unhandledPromptBehavior: dismiss and notify, webauthn:extension:credBlob: true, webauthn:extension:largeBlob: true, webauthn:virtualAuthenticators: true}
Element: [[ChromeDriver: chrome on WINDOWS (9532e245c25ea765a0ed5c41d2ed8bec)] -&gt; xpath: //*[@id=&quot;select_option_221&quot;]/div[contains(text(),&apos;Frankfurt&apos;)]]
Session ID: 9532e245c25ea765a0ed5c41d2ed8bec
	at org.openqa.selenium.remote.codec.w3c.W3CHttpResponseCodec.createException(W3CHttpResponseCodec.java:200)
	at org.openqa.selenium.remote.codec.w3c.W3CHttpResponseCodec.decode(W3CHttpResponseCodec.java:133)
	at org.openqa.selenium.remote.codec.w3c.W3CHttpResponseCodec.decode(W3CHttpResponseCodec.java:53)
	at org.openqa.selenium.remote.HttpCommandExecutor.execute(HttpCommandExecutor.java:184)
	at org.openqa.selenium.remote.service.DriverCommandExecutor.invokeExecute(DriverCommandExecutor.java:167)
	at org.openqa.selenium.remote.service.DriverCommandExecutor.execute(DriverCommandExecutor.java:142)
	at org.openqa.selenium.remote.RemoteWebDriver.execute(RemoteWebDriver.java:569)
	at org.openqa.selenium.remote.RemoteWebElement.execute(RemoteWebElement.java:257)
	at org.openqa.selenium.remote.RemoteWebElement.click(RemoteWebElement.java:78)
	at org.openqa.selenium.support.pagefactory.internal.LocatingElementHandler.invoke(LocatingElementHandler.java:52)
	at jdk.proxy2/jdk.proxy2.$Proxy28.click(Unknown Source)
	at page.GoogleCloudPricingCalculator.formFilling(GoogleCloudPricingCalculator.java:136)
	at steps.CommonSteps.formFilling(CommonSteps.java:29)
	at test.CommonConditions.setUp(CommonConditions.java:26)
... Removed 36 stack frames</div></td></tr></table><p class="totop"><a href="#summary">back to summary</a></p>
</body>
</html>
